Fritz: Initialising handlers from file /home/avnsh9/workspace/checkmate2/results/zjets/fritz/myprocess.ini
PythiaHandler 'myprocess': Pythia8 output redirected to /home/avnsh9/workspace/checkmate2/results/zjets/pythia/pythia_myprocess.log
PythiaHandler 'myprocess': Initializing Pythia8 with /home/avnsh9/workspace/checkmate2/results/zjets/pythia/myprocesscard_0.in
PythiaHandler 'myprocess': Pythia8 successfully initialized!
PythiaHandler 'myprocess': Pythia8 successfully initialised!
DelphesHandler 'cms13tev': Initialising Delphes via linking to PythiaHandler 'myprocess'
DelphesHandler 'cms13tev': Initialising settings from /home/avnsh9/workspace/checkmate2/data/cards/delphes_skimmed_CMS_13TeV.tcl
DelphesHandler 'cms13tev': Delphes successfully initialised!
AnalysisHandler 'cms13tev': Initialising AnalysisHandler
AnalysisHandler 'cms13tev': Loading Analysis cms1703_test
AnalysisHandler 'cms13tev': Successfully loaded analysis cms1703_test
AnalysisHandler 'cms13tev': Linking to DelphesHandler 'cms13tev' tree
AnalysisHandler 'cms13tev': AnalysisHandler successfully linked to DelphesHandler 'cms13tev'
Fritz: Fritz successfully loaded command line parameters!
Fritz:  >> Successfully initialized and linked all handlers! <<
Fritz: Starting event loop!
Fritz: Progress: 100 Events
Fritz: Progress: 200 Events
Fritz: Progress: 300 Events
Fritz: Progress: 400 Events
Fritz: Progress: 500 Events
Fritz: Progress: 600 Events
Fritz: Progress: 700 Events
Fritz: Progress: 800 Events
Fritz: Progress: 900 Events
Fritz: Progress: 1000 Events
Fritz: Progress: 1100 Events
Fritz: Progress: 1200 Events
Fritz: Progress: 1300 Events
Fritz: Progress: 1400 Events
Fritz: Progress: 1500 Events
Fritz: Progress: 1600 Events
Fritz: Progress: 1700 Events
Fritz: Progress: 1800 Events
Fritz: Progress: 1900 Events
Fritz: Progress: 2000 Events
Fritz: Progress: 2100 Events
Fritz: Progress: 2200 Events
Fritz: Progress: 2300 Events
Fritz: Progress: 2400 Events
Fritz: Progress: 2500 Events
Fritz: Progress: 2600 Events
Fritz: Progress: 2700 Events
Fritz: Progress: 2800 Events
Fritz: Progress: 2900 Events
Fritz: Progress: 3000 Events
Fritz: Progress: 3100 Events
Fritz: Progress: 3200 Events
Fritz: Progress: 3300 Events
Fritz: Progress: 3400 Events
Fritz: Progress: 3500 Events
Fritz: Progress: 3600 Events
Fritz: Progress: 3700 Events
Fritz: Progress: 3800 Events
Fritz: Progress: 3900 Events
Fritz: Progress: 4000 Events
Fritz: Progress: 4100 Events
Fritz: Progress: 4200 Events
Fritz: Progress: 4300 Events
Fritz: Progress: 4400 Events
Fritz: Progress: 4500 Events
Fritz: Progress: 4600 Events
Fritz: Progress: 4700 Events
Fritz: Progress: 4800 Events
Fritz: Progress: 4900 Events
Fritz: Progress: 5000 Events
Fritz: Progress: 5100 Events
Fritz: Progress: 5200 Events
Fritz: Progress: 5300 Events
Fritz: Progress: 5400 Events
Fritz: Progress: 5500 Events
Fritz: Progress: 5600 Events
Fritz: Progress: 5700 Events
Fritz: Progress: 5800 Events
Fritz: Progress: 5900 Events
Fritz: Progress: 6000 Events
Fritz: Progress: 6100 Events
Fritz: Progress: 6200 Events
Fritz: Progress: 6300 Events
Fritz: Progress: 6400 Events
Fritz: Progress: 6500 Events
Fritz: Progress: 6600 Events
Fritz: Progress: 6700 Events
Fritz: Progress: 6800 Events
Fritz: Progress: 6900 Events
Fritz: Progress: 7000 Events
Fritz: Progress: 7100 Events
Fritz: Progress: 7200 Events
Fritz: Progress: 7300 Events
Fritz: Progress: 7400 Events
Fritz: Progress: 7500 Events
Fritz: Progress: 7600 Events
Fritz: Progress: 7700 Events
Fritz: Progress: 7800 Events
Fritz: Progress: 7900 Events
Fritz: Progress: 8000 Events
Fritz: Progress: 8100 Events
Fritz: Progress: 8200 Events
Fritz: Progress: 8300 Events
Fritz: Progress: 8400 Events
Fritz: Progress: 8500 Events
Fritz: Progress: 8600 Events
Fritz: Progress: 8700 Events
Fritz: Progress: 8800 Events
Fritz: Progress: 8900 Events
Fritz: Progress: 9000 Events
Fritz: Progress: 9100 Events
Fritz: Progress: 9200 Events
Fritz: Progress: 9300 Events
Fritz: Progress: 9400 Events
Fritz: Progress: 9500 Events
Fritz: Progress: 9600 Events
Fritz: Progress: 9700 Events
Fritz: Progress: 9800 Events
Fritz: Progress: 9900 Events
Fritz: Progress: 10000 Events
Fritz:  >> Finalising after 10000 events. <<
AnalysisHandler 'cms13tev': Asking DelphesHandler 'cms13tev' for cross section information
DelphesHandler 'cms13tev': Asking PythiaHandler 'myprocess' for cross section information
AnalysisHandler 'cms13tev': Analyses updated with sigma = 379700 fb and dSigma = 3797 fb
AnalysisHandler 'cms13tev': Analyses successfully finished!
DelphesHandler 'cms13tev': Delphes successfully finished!
PythiaHandler 'myprocess': Pythia8 successfully finished!
Fritz:  >> Done <<
