
 *------------------------------------------------------------------------------------* 
 |                                                                                    | 
 |  *------------------------------------------------------------------------------*  | 
 |  |                                                                              |  | 
 |  |                                                                              |  | 
 |  |   PPP   Y   Y  TTTTT  H   H  III    A      Welcome to the Lund Monte Carlo!  |  | 
 |  |   P  P   Y Y     T    H   H   I    A A     This is PYTHIA version 8.219      |  | 
 |  |   PPP     Y      T    HHHHH   I   AAAAA    Last date of change: 10 May 2016  |  | 
 |  |   P       Y      T    H   H   I   A   A                                      |  | 
 |  |   P       Y      T    H   H  III  A   A    Now is 15 Dec 2021 at 19:22:42    |  | 
 |  |                                                                              |  | 
 |  |   Torbjorn Sjostrand;  Department of Astronomy and Theoretical Physics,      |  | 
 |  |      Lund University, Solvegatan 14A, SE-223 62 Lund, Sweden;                |  | 
 |  |      e-mail: torbjorn@thep.lu.se                                             |  | 
 |  |   Jesper Roy Christiansen;  Department of Astronomy and Theoretical Physics, |  | 
 |  |      Lund University, Solvegatan 14A, SE-223 62 Lund, Sweden;                |  | 
 |  |      e-mail: Jesper.Roy.Christiansen@thep.lu.se                              |  | 
 |  |   Nishita Desai;  Institut fuer Theoretische Physik,                         |  | 
 |  |     Universitaet Heidelberg, Philosophenweg 16, D-69120 Heidelberg, Germany; |  | 
 |  |      e-mail: n.desai@thphys.uni-heidelberg.de                                |  | 
 |  |   Ilkka Helenius;  Department of Astronomy and Theoretical Physics,          |  | 
 |  |      Lund University, Solvegatan 14A, SE-223 62 Lund, Sweden;                |  | 
 |  |      e-mail: ilkka.helenius@thep.lu.se                                       |  | 
 |  |   Philip Ilten;  Massachusetts Institute of Technology,                      |  | 
 |  |      77 Massachusetts Ave, Cambridge, MA 02139, USA;                         |  | 
 |  |      e-mail: philten@cern.ch                                                 |  | 
 |  |   Stephen Mrenna;  Computing Division, Simulations Group,                    |  | 
 |  |      Fermi National Accelerator Laboratory, MS 234, Batavia, IL 60510, USA;  |  | 
 |  |      e-mail: mrenna@fnal.gov                                                 |  | 
 |  |   Stefan Prestel;  Theoretical Physics Group,                                |  | 
 |  |      SLAC National Accelerator Laboratory, Menlo Park, CA 94025, USA;        |  | 
 |  |      e-mail: prestel@slac.stanford.edu                                       |  | 
 |  |   Christine O. Rasmussen;  Department of Astronomy and Theoretical Physics,  |  | 
 |  |      Lund University, Solvegatan 14A, SE-223 62 Lund, Sweden;                |  | 
 |  |      e-mail: christine.rasmussen@thep.lu.se                                  |  | 
 |  |   Peter Skands;  School of Physics,                                          |  | 
 |  |      Monash University, PO Box 27, 3800 Melbourne, Australia;                |  | 
 |  |      e-mail: peter.skands@monash.edu                                         |  | 
 |  |                                                                              |  | 
 |  |   The main program reference is 'An Introduction to PYTHIA 8.2',             |  | 
 |  |   T. Sjostrand et al, Comput. Phys. Commun. 191 (2015) 159                   |  | 
 |  |   [arXiv:1410.3012 [hep-ph]]                                                 |  | 
 |  |                                                                              |  | 
 |  |   The main physics reference is the 'PYTHIA 6.4 Physics and Manual',         |  | 
 |  |   T. Sjostrand, S. Mrenna and P. Skands, JHEP05 (2006) 026 [hep-ph/0603175]  |  | 
 |  |                                                                              |  | 
 |  |   An archive of program versions and documentation is found on the web:      |  | 
 |  |   http://www.thep.lu.se/Pythia                                               |  | 
 |  |                                                                              |  | 
 |  |   This program is released under the GNU General Public Licence version 2.   |  | 
 |  |   Please respect the MCnet Guidelines for Event Generator Authors and Users. |  | 
 |  |                                                                              |  | 
 |  |   Disclaimer: this program comes without any guarantees.                     |  | 
 |  |   Beware of errors and use common sense when interpreting results.           |  | 
 |  |                                                                              |  | 
 |  |   Copyright (C) 2016 Torbjorn Sjostrand                                      |  | 
 |  |                                                                              |  | 
 |  |                                                                              |  | 
 |  *------------------------------------------------------------------------------*  | 
 |                                                                                    | 
 *------------------------------------------------------------------------------------* 

 *-----------------------  SusyLesHouches SUSY/BSM Interface  ------------------------*
 | Last Change 14 Jan 2015 - P. Skands
 | Parsing: /home/avnsh9/project/mg5amcatnlo/bin/z_jets/Events/run_01/unweighted_events.lhe
 | (SLHA::readFile) line 389 - storing non-SLHA(2) block: yukawa
 *------------------------------------------------------------------------------------*
 PYTHIA Info from SLHAinterface::initSLHA: No MODSEL found, keeping internal SUSY switched off  
 PYTHIA Info from SLHAinterface::initSLHA: importing MASS entries for id = [25]
 PYTHIA Warning in SLHAinterface::initSLHA: ignoring MASS entries for id = [1,2,3,4,5,6,11,12,13,14,15,16,21,22,23,24] (SLHA:keepSM. Use id > 1000000 for new particles)
 PYTHIA Warning in SLHAinterface::initSLHA: ignoring DECAY tables for id = [6,23,24,1,2,3,4,5,11,12,13,14,15,16,21,22] (SLHA:keepSM. Use id > 1000000 for new particles)
 PYTHIA Warning in SLHAinterface::initSLHA: ignoring empty DECAY tables for id = [25] (total width provided but no Branching Ratios)

 *-------  PYTHIA Process Initialization  --------------------------*
 |                                                                  |
 | We collide p+ with p+ at a CM energy of 1.300e+04 GeV            |
 |                                                                  |
 |------------------------------------------------------------------|
 |                                                    |             |
 | Subprocess                                    Code |   Estimated |
 |                                                    |    max (mb) |
 |                                                    |             |
 |------------------------------------------------------------------|
 |                                                    |             |
 | Les Houches User Process(es)                  9999 |   2.000e-09 |
 |                                                                  |
 *-------  End PYTHIA Process Initialization -----------------------*

 *-------  PYTHIA Multiparton Interactions Initialization  ---------* 
 |                                                                  | 
 |                   sigmaNonDiffractive =   56.79 mb               | 
 |                                                                  | 
 |    pT0 =  2.60 gives sigmaInteraction =  321.22 mb: accepted     | 
 |                                                                  | 
 *-------  End PYTHIA Multiparton Interactions Initialization  -----* 

 *-------  PYTHIA Flag + Mode + Parm + Word + FVec + MVec + PVec + WVec Settings (changes only)  ------------------* 
 |                                                                                                                 | 
 | Name                                          |                      Now |      Default         Min         Max | 
 |                                               |                          |                                      | 
 | Beams:frameType                               |                        4 |            1           1           5 | 
 | Beams:LHEF                                    | /home/avnsh9/project/mg5amcatnlo/bin/z_jets/Events/run_01/unweighted_events.lhe |         void | 
 | Init:showChangedParticleData                  |                      off |           on                         | 
 | Main:numberOfEvents                           |                100000001 |         1000           0             | 
 | Next:numberCount                              |                        0 |         1000           0             | 
 | Next:numberShowEvent                          |                        0 |            1           0             | 
 |                                                                                                                 | 
 *-------  End PYTHIA Flag + Mode + Parm + Word + FVec + MVec + PVec + WVec Settings  -----------------------------* 

 --------  LHA initialization information  ------------ 

  beam    kind      energy  pdfgrp  pdfset 
     A    2212    6500.000       0  247000
     B    2212    6500.000       0  247000

  Event weighting strategy = -4

  Processes, with strategy-dependent cross section info 
  number      xsec (pb)      xerr (pb)      xmax (pb) 
       1     2.7972e+02     1.0137e+00     3.7968e+02
       2     9.9968e+01     5.0438e-01     3.7968e+02

 --------  End LHA initialization information  -------- 
 PYTHIA Rndm::dumpState: seed = 19780503, sequence no = 815285

 --------  LHA event information and listing  ---------------------------------------------------------------------- 

    process = 1           weight = 3.7968e+02       scale = 1.1310e+02   (GeV) 
                        alpha_em = 7.5468e-03      alpha_strong = 1.2549e-01  

    Participating Particles 
    no        id stat     mothers     colours      p_x        p_y        p_z         e          m        tau    spin 
1     21        -1   0     0     501   502   0.000      0.000      41.715     41.715     0.000      0.000   1.000   
2     2         -1   0     0     502   0     -0.000     -0.000     -213.928   213.928    0.000      0.000   -1.000  
3     23        2    1     2     0     0     -4.310     -70.048    -135.306   176.350    88.692     0.000   0.000   
4     -13       1    3     3     0     0     -25.126    -70.928    -54.526    92.926     0.000      0.000   1.000   
5     13        1    3     3     0     0     20.817     0.880      -80.780    83.424     0.000      0.000   -1.000  
6     2         1    1     2     501   0     4.310      70.048     -36.907    79.293     0.000      0.000   -1.000  

 --------  End LHA event information and listing  ------------------------------------------------------------------ 

 --------  PYTHIA Info Listing  ---------------------------------------- 
 
 Beam A: id = 2212  , pz = 6.500e+03 , e = 6.500e+03 , m = 9.383e-01 .
 Beam B: id = 2212  , pz = -6.500e+03, e = 6.500e+03 , m = 9.383e-01 .

 In 1: id = 21  , x = 6.418e-03 , pdf = 0.000e+00  at Q2 = 1.279e+04 .
 In 2: id = 2   , x = 3.291e-02 , pdf = 0.000e+00  at same Q2.

 Process Les Houches User Process(es) with code 9999 is 2 -> 2.
 Subprocess user process 1 with code 1 is 2 -> 2.
 It has sHat = 3.570e+04 ,    tHat = -1.814e+04,    uHat = -9.695e+03,
       pTHat = 7.018e+01 ,   m3Hat = 8.869e+01 ,   m4Hat = 0.000e+00 ,
    thetaHat = 1.879e+00 ,  phiHat = -1.632e+00.
     alphaEM = 7.547e-03 ,  alphaS = 1.255e-01     at Q2 = 1.279e+04 .

 Impact parameter b = 5.329e-01  gives enhancement factor = 2.301e+00 .
 Max pT scale for MPI = 1.300e+04 , ISR = 1.131e+02 , FSR = 1.131e+02 .
 Number of MPI = 18   , ISR = 31   , FSRproc = 118  , FSRreson = 2    .

 --------  End PYTHIA Info Listing  ------------------------------------

 --------  PYTHIA Event Listing  (hard process)  -----------------------------------------------------------------------------------
 
    no        id   name            status     mothers   daughters     colours      p_x        p_y        p_z         e          m 
0     90           (system)           -11     0     0     0     0     0     0      0.000      0.000      0.000  13000.000  13000.000
     1      2212   (p+)               -12     0     0     3     0     0     0      0.000      0.000   6500.000   6500.000      0.938
     2      2212   (p+)               -12     0     0     4     0     0     0      0.000      0.000  -6500.000   6500.000      0.938
     3        21   (g)                -21     1     0     5     6   501   502      0.000      0.000     41.715     41.715      0.000
     4         2   (u)                -21     2     0     5     6   502     0     -0.000     -0.000   -213.928    213.928      0.000
     5        23   (Z0)               -22     3     4     7     8     0     0     -4.310    -70.048   -135.306    176.350     88.692
     6         2   u                   23     3     4     0     0   501     0      4.310     70.048    -36.907     79.293      0.000
     7       -13   mu+                 23     5     0     0     0     0     0    -25.126    -70.928    -54.526     92.926      0.106
     8        13   mu-                 23     5     0     0     0     0     0     20.816      0.880    -80.780     83.424      0.106
                                   Charge sum:  0.667           Momentum sum:     -0.000      0.000   -172.213    255.643    188.934

 --------  End PYTHIA Event Listing  -----------------------------------------------------------------------------------------------
 PYTHIA Warning in StringFragmentation::fragmentToJunction: bad convergence junction rest frame  
 PYTHIA Error in StringFragmentation::fragment: stuck in joining  
 PYTHIA Error in Pythia::next: hadronLevel failed; try again  
 PYTHIA Warning in Pythia::check: energy-momentum not quite conserved  
 PYTHIA Warning in MultipartonInteractions::pTnext: weight above unity  
 PYTHIA Warning in Pythia::check: not quite matched particle energy/momentum/mass  
 PYTHIA Warning in SpaceShower::pT2nextQCD: weight above unity  
 PYTHIA Error in SpaceShower::pT2nearThreshold: stuck in loop  
 PYTHIA Error in StringFragmentation::fragmentToJunction: caught in junction flavour loop  
 PYTHIA Abort from Pythia::next: reached end of Les Houches Events File  

 *-------  PYTHIA Event and Cross Section Statistics  -------------------------------------------------------------*
 |                                                                                                                 |
 | Subprocess                                    Code |            Number of events       |      sigma +- delta    |
 |                                                    |       Tried   Selected   Accepted |     (estimated) (mb)   |
 |                                                    |                                   |                        |
 |-----------------------------------------------------------------------------------------------------------------|
 |                                                    |                                   |                        |
 | Les Houches User Process(es)                  9999 |       10000      10000      10000 |   3.797e-07  0.000e+00 |
 |    ... whereof user classification code          1 |        7370       7370       7370 |                        | 
 |    ... whereof user classification code          2 |        2630       2630       2630 |                        | 
 |                                                    |                                   |                        |
 | sum                                                |       10000      10000      10000 |   3.797e-07  0.000e+00 |
 |                                                                                                                 |
 *-------  End PYTHIA Event and Cross Section Statistics ----------------------------------------------------------*

 *-------  PYTHIA Error and Warning Messages Statistics  ----------------------------------------------------------* 
 |                                                                                                                 | 
 |  times   message                                                                                                | 
 |                                                                                                                 | 
 |      1   Abort from Pythia::next: reached end of Les Houches Events File                                        | 
 |     10   Error in Pythia::next: hadronLevel failed; try again                                                   | 
 |     14   Error in SpaceShower::pT2nearThreshold: stuck in loop                                                  | 
 |      9   Error in StringFragmentation::fragment: stuck in joining                                               | 
 |      1   Error in StringFragmentation::fragmentToJunction: caught in junction flavour loop                      | 
 |      1   Info from SLHAinterface::initSLHA: No MODSEL found, keeping internal SUSY switched off                 | 
 |      1   Info from SLHAinterface::initSLHA: importing MASS entries                                              | 
 |      3   Warning in MultipartonInteractions::pTnext: weight above unity                                         | 
 |      7   Warning in Pythia::check: energy-momentum not quite conserved                                          | 
 |     10   Warning in Pythia::check: not quite matched particle energy/momentum/mass                              | 
 |      1   Warning in SLHAinterface::initSLHA: ignoring DECAY tables                                              | 
 |      1   Warning in SLHAinterface::initSLHA: ignoring MASS entries                                              | 
 |      1   Warning in SLHAinterface::initSLHA: ignoring empty DECAY tables                                        | 
 |      2   Warning in SpaceShower::pT2nextQCD: weight above unity                                                 | 
 |     45   Warning in StringFragmentation::fragmentToJunction: bad convergence junction rest frame                | 
 |                                                                                                                 | 
 *-------  End PYTHIA Error and Warning Messages Statistics  ------------------------------------------------------* 
 PYTHIA Rndm::dumpState: seed = 19780503, sequence no = 386270191
