Fritz: Initialising handlers from file /home/avnsh9/workspace/checkmate2/results/lakh_pit/fritz/myprocess.ini
DelphesHandler 'cms13tev': Initialising Delphes via input event /home/avnsh9/project/mg5amcatnlo/bin/test_hydronic/Events/run_02/tag_2_pythia8_events.hepmc
DelphesHandler 'cms13tev': Input File determined to be HepMC.
DelphesHandler 'cms13tev': Initialising settings from /home/avnsh9/workspace/checkmate2/data/cards/delphes_skimmed_CMS_13TeV.tcl
DelphesHandler 'cms13tev': Delphes successfully initialised!
DelphesHandler 'cms13tev': Input file successfully opened!
AnalysisHandler 'cms13tev': Initialising AnalysisHandler
AnalysisHandler 'cms13tev': Loading Analysis cms1703_test
AnalysisHandler 'cms13tev': Successfully loaded analysis cms1703_test
AnalysisHandler 'cms13tev': Linking to DelphesHandler 'cms13tev' tree
AnalysisHandler 'cms13tev': AnalysisHandler successfully linked to DelphesHandler 'cms13tev'
Fritz: Fritz successfully loaded command line parameters!
Fritz:  >> Successfully initialized and linked all handlers! <<
Fritz: Starting event loop!
Fritz: Progress: 100 Events
Fritz: Progress: 200 Events
Fritz: Progress: 300 Events
Fritz: Progress: 400 Events
Fritz: Progress: 500 Events
Fritz: Progress: 600 Events
Fritz: Progress: 700 Events
Fritz: Progress: 800 Events
Fritz: Progress: 900 Events
Fritz: Progress: 1000 Events
Fritz: Progress: 1100 Events
Fritz: Progress: 1200 Events
Fritz: Progress: 1300 Events
Fritz: Progress: 1400 Events
Fritz: Progress: 1500 Events
Fritz: Progress: 1600 Events
Fritz: Progress: 1700 Events
Fritz: Progress: 1800 Events
Fritz: Progress: 1900 Events
Fritz: Progress: 2000 Events
Fritz: Progress: 2100 Events
Fritz: Progress: 2200 Events
Fritz: Progress: 2300 Events
Fritz: Progress: 2400 Events
Fritz: Progress: 2500 Events
Fritz: Progress: 2600 Events
Fritz: Progress: 2700 Events
Fritz: Progress: 2800 Events
Fritz: Progress: 2900 Events
Fritz: Progress: 3000 Events
Fritz: Progress: 3100 Events
Fritz: Progress: 3200 Events
Fritz: Progress: 3300 Events
Fritz: Progress: 3400 Events
Fritz: Progress: 3500 Events
Fritz: Progress: 3600 Events
Fritz: Progress: 3700 Events
Fritz: Progress: 3800 Events
Fritz: Progress: 3900 Events
Fritz: Progress: 4000 Events
Fritz: Progress: 4100 Events
Fritz: Progress: 4200 Events
Fritz: Progress: 4300 Events
Fritz: Progress: 4400 Events
Fritz: Progress: 4500 Events
Fritz: Progress: 4600 Events
Fritz: Progress: 4700 Events
Fritz: Progress: 4800 Events
Fritz: Progress: 4900 Events
Fritz: Progress: 5000 Events
Fritz: Progress: 5100 Events
Fritz: Progress: 5200 Events
Fritz: Progress: 5300 Events
Fritz: Progress: 5400 Events
Fritz: Progress: 5500 Events
Fritz: Progress: 5600 Events
Fritz: Progress: 5700 Events
Fritz: Progress: 5800 Events
Fritz: Progress: 5900 Events
Fritz: Progress: 6000 Events
Fritz: Progress: 6100 Events
Fritz: Progress: 6200 Events
Fritz: Progress: 6300 Events
Fritz: Progress: 6400 Events
Fritz: Progress: 6500 Events
Fritz: Progress: 6600 Events
Fritz: Progress: 6700 Events
Fritz: Progress: 6800 Events
Fritz: Progress: 6900 Events
Fritz: Progress: 7000 Events
Fritz: Progress: 7100 Events
Fritz: Progress: 7200 Events
Fritz: Progress: 7300 Events
Fritz: Progress: 7400 Events
Fritz: Progress: 7500 Events
Fritz: Progress: 7600 Events
Fritz: Progress: 7700 Events
Fritz: Progress: 7800 Events
Fritz: Progress: 7900 Events
Fritz: Progress: 8000 Events
Fritz: Progress: 8100 Events
Fritz: Progress: 8200 Events
Fritz: Progress: 8300 Events
Fritz: Progress: 8400 Events
Fritz: Progress: 8500 Events
Fritz: Progress: 8600 Events
Fritz: Progress: 8700 Events
Fritz: Progress: 8800 Events
Fritz: Progress: 8900 Events
Fritz: Progress: 9000 Events
Fritz: Progress: 9100 Events
Fritz: Progress: 9200 Events
Fritz: Progress: 9300 Events
Fritz: Progress: 9400 Events
Fritz: Progress: 9500 Events
Fritz: Progress: 9600 Events
Fritz: Progress: 9700 Events
Fritz: Progress: 9800 Events
Fritz: Progress: 9900 Events
Fritz: Progress: 10000 Events
Fritz: Progress: 10100 Events
Fritz: Progress: 10200 Events
Fritz: Progress: 10300 Events
Fritz: Progress: 10400 Events
Fritz: Progress: 10500 Events
Fritz: Progress: 10600 Events
Fritz: Progress: 10700 Events
Fritz: Progress: 10800 Events
Fritz: Progress: 10900 Events
Fritz: Progress: 11000 Events
Fritz: Progress: 11100 Events
Fritz: Progress: 11200 Events
Fritz: Progress: 11300 Events
Fritz: Progress: 11400 Events
Fritz: Progress: 11500 Events
Fritz: Progress: 11600 Events
Fritz: Progress: 11700 Events
Fritz: Progress: 11800 Events
Fritz: Progress: 11900 Events
Fritz: Progress: 12000 Events
Fritz: Progress: 12100 Events
Fritz: Progress: 12200 Events
Fritz: Progress: 12300 Events
Fritz: Progress: 12400 Events
Fritz: Progress: 12500 Events
Fritz: Progress: 12600 Events
Fritz: Progress: 12700 Events
Fritz: Progress: 12800 Events
Fritz: Progress: 12900 Events
Fritz: Progress: 13000 Events
Fritz: Progress: 13100 Events
Fritz: Progress: 13200 Events
Fritz: Progress: 13300 Events
Fritz: Progress: 13400 Events
Fritz: Progress: 13500 Events
Fritz: Progress: 13600 Events
Fritz: Progress: 13700 Events
Fritz: Progress: 13800 Events
Fritz: Progress: 13900 Events
Fritz: Progress: 14000 Events
Fritz: Progress: 14100 Events
Fritz: Progress: 14200 Events
Fritz: Progress: 14300 Events
Fritz: Progress: 14400 Events
Fritz: Progress: 14500 Events
Fritz: Progress: 14600 Events
Fritz: Progress: 14700 Events
Fritz: Progress: 14800 Events
Fritz: Progress: 14900 Events
Fritz: Progress: 15000 Events
Fritz: Progress: 15100 Events
Fritz: Progress: 15200 Events
Fritz: Progress: 15300 Events
Fritz: Progress: 15400 Events
Fritz: Progress: 15500 Events
Fritz: Progress: 15600 Events
Fritz: Progress: 15700 Events
Fritz: Progress: 15800 Events
Fritz: Progress: 15900 Events
Fritz: Progress: 16000 Events
Fritz: Progress: 16100 Events
Fritz: Progress: 16200 Events
Fritz: Progress: 16300 Events
Fritz: Progress: 16400 Events
Fritz: Progress: 16500 Events
Fritz: Progress: 16600 Events
Fritz: Progress: 16700 Events
Fritz: Progress: 16800 Events
Fritz: Progress: 16900 Events
Fritz: Progress: 17000 Events
Fritz: Progress: 17100 Events
Fritz: Progress: 17200 Events
Fritz: Progress: 17300 Events
Fritz: Progress: 17400 Events
Fritz: Progress: 17500 Events
Fritz: Progress: 17600 Events
Fritz: Progress: 17700 Events
Fritz: Progress: 17800 Events
Fritz: Progress: 17900 Events
Fritz: Progress: 18000 Events
Fritz: Progress: 18100 Events
Fritz: Progress: 18200 Events
Fritz: Progress: 18300 Events
Fritz: Progress: 18400 Events
Fritz: Progress: 18500 Events
Fritz: Progress: 18600 Events
Fritz: Progress: 18700 Events
Fritz: Progress: 18800 Events
Fritz: Progress: 18900 Events
Fritz: Progress: 19000 Events
Fritz: Progress: 19100 Events
Fritz: Progress: 19200 Events
Fritz: Progress: 19300 Events
Fritz: Progress: 19400 Events
Fritz: Progress: 19500 Events
Fritz: Progress: 19600 Events
Fritz: Progress: 19700 Events
Fritz: Progress: 19800 Events
Fritz: Progress: 19900 Events
Fritz: Progress: 20000 Events
Fritz: Progress: 20100 Events
Fritz: Progress: 20200 Events
Fritz: Progress: 20300 Events
Fritz: Progress: 20400 Events
Fritz: Progress: 20500 Events
Fritz: Progress: 20600 Events
Fritz: Progress: 20700 Events
Fritz: Progress: 20800 Events
Fritz: Progress: 20900 Events
Fritz: Progress: 21000 Events
Fritz: Progress: 21100 Events
Fritz: Progress: 21200 Events
Fritz: Progress: 21300 Events
Fritz: Progress: 21400 Events
Fritz: Progress: 21500 Events
Fritz: Progress: 21600 Events
Fritz: Progress: 21700 Events
Fritz: Progress: 21800 Events
Fritz: Progress: 21900 Events
Fritz: Progress: 22000 Events
Fritz: Progress: 22100 Events
Fritz: Progress: 22200 Events
Fritz: Progress: 22300 Events
Fritz: Progress: 22400 Events
Fritz: Progress: 22500 Events
Fritz: Progress: 22600 Events
Fritz: Progress: 22700 Events
Fritz: Progress: 22800 Events
Fritz: Progress: 22900 Events
Fritz: Progress: 23000 Events
Fritz: Progress: 23100 Events
Fritz: Progress: 23200 Events
Fritz: Progress: 23300 Events
Fritz: Progress: 23400 Events
Fritz: Progress: 23500 Events
Fritz: Progress: 23600 Events
Fritz: Progress: 23700 Events
Fritz: Progress: 23800 Events
Fritz: Progress: 23900 Events
Fritz: Progress: 24000 Events
Fritz: Progress: 24100 Events
Fritz: Progress: 24200 Events
Fritz: Progress: 24300 Events
Fritz: Progress: 24400 Events
Fritz: Progress: 24500 Events
Fritz: Progress: 24600 Events
Fritz: Progress: 24700 Events
Fritz: Progress: 24800 Events
Fritz: Progress: 24900 Events
Fritz: Progress: 25000 Events
Fritz: Progress: 25100 Events
Fritz: Progress: 25200 Events
Fritz: Progress: 25300 Events
Fritz: Progress: 25400 Events
Fritz: Progress: 25500 Events
Fritz: Progress: 25600 Events
Fritz: Progress: 25700 Events
Fritz: Progress: 25800 Events
Fritz: Progress: 25900 Events
Fritz: Progress: 26000 Events
Fritz: Progress: 26100 Events
Fritz: Progress: 26200 Events
Fritz: Progress: 26300 Events
Fritz: Progress: 26400 Events
Fritz: Progress: 26500 Events
Fritz: Progress: 26600 Events
Fritz: Progress: 26700 Events
Fritz: Progress: 26800 Events
Fritz: Progress: 26900 Events
Fritz: Progress: 27000 Events
Fritz: Progress: 27100 Events
Fritz: Progress: 27200 Events
Fritz: Progress: 27300 Events
Fritz: Progress: 27400 Events
Fritz: Progress: 27500 Events
Fritz: Progress: 27600 Events
Fritz: Progress: 27700 Events
Fritz: Progress: 27800 Events
Fritz: Progress: 27900 Events
Fritz: Progress: 28000 Events
Fritz: Progress: 28100 Events
Fritz: Progress: 28200 Events
Fritz: Progress: 28300 Events
Fritz: Progress: 28400 Events
Fritz: Progress: 28500 Events
Fritz: Progress: 28600 Events
Fritz: Progress: 28700 Events
Fritz: Progress: 28800 Events
Fritz: Progress: 28900 Events
Fritz: Progress: 29000 Events
Fritz: Progress: 29100 Events
Fritz: Progress: 29200 Events
Fritz: Progress: 29300 Events
Fritz: Progress: 29400 Events
Fritz: Progress: 29500 Events
Fritz: Progress: 29600 Events
Fritz: Progress: 29700 Events
Fritz: Progress: 29800 Events
Fritz: Progress: 29900 Events
Fritz: Progress: 30000 Events
Fritz: Progress: 30100 Events
Fritz: Progress: 30200 Events
Fritz: Progress: 30300 Events
Fritz: Progress: 30400 Events
Fritz: Progress: 30500 Events
Fritz: Progress: 30600 Events
Fritz: Progress: 30700 Events
Fritz: Progress: 30800 Events
Fritz: Progress: 30900 Events
Fritz: Progress: 31000 Events
Fritz: Progress: 31100 Events
Fritz: Progress: 31200 Events
Fritz: Progress: 31300 Events
Fritz: Progress: 31400 Events
Fritz: Progress: 31500 Events
Fritz: Progress: 31600 Events
Fritz: Progress: 31700 Events
Fritz: Progress: 31800 Events
Fritz: Progress: 31900 Events
Fritz: Progress: 32000 Events
Fritz: Progress: 32100 Events
Fritz: Progress: 32200 Events
Fritz: Progress: 32300 Events
Fritz: Progress: 32400 Events
Fritz: Progress: 32500 Events
Fritz: Progress: 32600 Events
Fritz: Progress: 32700 Events
Fritz: Progress: 32800 Events
Fritz: Progress: 32900 Events
Fritz: Progress: 33000 Events
Fritz: Progress: 33100 Events
Fritz: Progress: 33200 Events
Fritz: Progress: 33300 Events
Fritz: Progress: 33400 Events
Fritz: Progress: 33500 Events
Fritz: Progress: 33600 Events
Fritz: Progress: 33700 Events
Fritz: Progress: 33800 Events
Fritz: Progress: 33900 Events
Fritz: Progress: 34000 Events
Fritz: Progress: 34100 Events
Fritz: Progress: 34200 Events
Fritz: Progress: 34300 Events
Fritz: Progress: 34400 Events
Fritz: Progress: 34500 Events
Fritz: Progress: 34600 Events
Fritz: Progress: 34700 Events
Fritz: Progress: 34800 Events
Fritz: Progress: 34900 Events
Fritz: Progress: 35000 Events
Fritz: Progress: 35100 Events
Fritz: Progress: 35200 Events
Fritz: Progress: 35300 Events
Fritz: Progress: 35400 Events
Fritz: Progress: 35500 Events
Fritz: Progress: 35600 Events
Fritz: Progress: 35700 Events
Fritz: Progress: 35800 Events
Fritz: Progress: 35900 Events
Fritz: Progress: 36000 Events
Fritz: Progress: 36100 Events
Fritz: Progress: 36200 Events
Fritz: Progress: 36300 Events
Fritz: Progress: 36400 Events
Fritz: Progress: 36500 Events
Fritz: Progress: 36600 Events
Fritz: Progress: 36700 Events
Fritz: Progress: 36800 Events
Fritz: Progress: 36900 Events
Fritz: Progress: 37000 Events
Fritz: Progress: 37100 Events
Fritz: Progress: 37200 Events
Fritz: Progress: 37300 Events
Fritz: Progress: 37400 Events
Fritz: Progress: 37500 Events
Fritz: Progress: 37600 Events
Fritz: Progress: 37700 Events
Fritz: Progress: 37800 Events
Fritz: Progress: 37900 Events
Fritz: Progress: 38000 Events
Fritz: Progress: 38100 Events
Fritz: Progress: 38200 Events
Fritz: Progress: 38300 Events
Fritz: Progress: 38400 Events
Fritz: Progress: 38500 Events
Fritz: Progress: 38600 Events
Fritz: Progress: 38700 Events
Fritz: Progress: 38800 Events
Fritz: Progress: 38900 Events
Fritz: Progress: 39000 Events
Fritz: Progress: 39100 Events
Fritz: Progress: 39200 Events
Fritz: Progress: 39300 Events
Fritz: Progress: 39400 Events
Fritz: Progress: 39500 Events
Fritz: Progress: 39600 Events
Fritz: Progress: 39700 Events
Fritz: Progress: 39800 Events
Fritz: Progress: 39900 Events
Fritz: Progress: 40000 Events
Fritz: Progress: 40100 Events
Fritz: Progress: 40200 Events
Fritz: Progress: 40300 Events
Fritz: Progress: 40400 Events
Fritz: Progress: 40500 Events
Fritz: Progress: 40600 Events
Fritz: Progress: 40700 Events
Fritz: Progress: 40800 Events
Fritz: Progress: 40900 Events
Fritz: Progress: 41000 Events
Fritz: Progress: 41100 Events
Fritz: Progress: 41200 Events
Fritz: Progress: 41300 Events
Fritz: Progress: 41400 Events
Fritz: Progress: 41500 Events
Fritz: Progress: 41600 Events
Fritz: Progress: 41700 Events
Fritz: Progress: 41800 Events
Fritz: Progress: 41900 Events
Fritz: Progress: 42000 Events
Fritz: Progress: 42100 Events
Fritz: Progress: 42200 Events
Fritz: Progress: 42300 Events
Fritz: Progress: 42400 Events
Fritz: Progress: 42500 Events
Fritz: Progress: 42600 Events
Fritz: Progress: 42700 Events
Fritz: Progress: 42800 Events
Fritz: Progress: 42900 Events
Fritz: Progress: 43000 Events
Fritz: Progress: 43100 Events
Fritz: Progress: 43200 Events
Fritz: Progress: 43300 Events
Fritz: Progress: 43400 Events
Fritz: Progress: 43500 Events
Fritz: Progress: 43600 Events
Fritz: Progress: 43700 Events
Fritz: Progress: 43800 Events
Fritz: Progress: 43900 Events
Fritz: Progress: 44000 Events
Fritz: Progress: 44100 Events
Fritz: Progress: 44200 Events
Fritz: Progress: 44300 Events
Fritz: Progress: 44400 Events
Fritz: Progress: 44500 Events
Fritz: Progress: 44600 Events
Fritz: Progress: 44700 Events
Fritz: Progress: 44800 Events
Fritz: Progress: 44900 Events
Fritz: Progress: 45000 Events
Fritz: Progress: 45100 Events
Fritz: Progress: 45200 Events
Fritz: Progress: 45300 Events
Fritz: Progress: 45400 Events
Fritz: Progress: 45500 Events
Fritz: Progress: 45600 Events
Fritz: Progress: 45700 Events
Fritz: Progress: 45800 Events
Fritz: Progress: 45900 Events
Fritz: Progress: 46000 Events
Fritz: Progress: 46100 Events
Fritz: Progress: 46200 Events
Fritz: Progress: 46300 Events
Fritz: Progress: 46400 Events
Fritz: Progress: 46500 Events
Fritz: Progress: 46600 Events
Fritz: Progress: 46700 Events
Fritz: Progress: 46800 Events
Fritz: Progress: 46900 Events
Fritz: Progress: 47000 Events
Fritz: Progress: 47100 Events
Fritz: Progress: 47200 Events
Fritz: Progress: 47300 Events
Fritz: Progress: 47400 Events
Fritz: Progress: 47500 Events
Fritz: Progress: 47600 Events
Fritz: Progress: 47700 Events
Fritz: Progress: 47800 Events
Fritz: Progress: 47900 Events
Fritz: Progress: 48000 Events
Fritz: Progress: 48100 Events
Fritz: Progress: 48200 Events
Fritz: Progress: 48300 Events
Fritz: Progress: 48400 Events
Fritz: Progress: 48500 Events
Fritz: Progress: 48600 Events
Fritz: Progress: 48700 Events
Fritz: Progress: 48800 Events
Fritz: Progress: 48900 Events
Fritz: Progress: 49000 Events
Fritz: Progress: 49100 Events
Fritz: Progress: 49200 Events
Fritz: Progress: 49300 Events
Fritz: Progress: 49400 Events
Fritz: Progress: 49500 Events
Fritz: Progress: 49600 Events
Fritz: Progress: 49700 Events
Fritz: Progress: 49800 Events
Fritz: Progress: 49900 Events
Fritz: Progress: 50000 Events
Fritz: Progress: 50100 Events
Fritz: Progress: 50200 Events
Fritz: Progress: 50300 Events
Fritz: Progress: 50400 Events
Fritz: Progress: 50500 Events
Fritz: Progress: 50600 Events
Fritz: Progress: 50700 Events
Fritz: Progress: 50800 Events
Fritz: Progress: 50900 Events
Fritz: Progress: 51000 Events
Fritz: Progress: 51100 Events
Fritz: Progress: 51200 Events
Fritz: Progress: 51300 Events
Fritz: Progress: 51400 Events
Fritz: Progress: 51500 Events
Fritz: Progress: 51600 Events
Fritz: Progress: 51700 Events
Fritz: Progress: 51800 Events
Fritz: Progress: 51900 Events
Fritz: Progress: 52000 Events
Fritz: Progress: 52100 Events
Fritz: Progress: 52200 Events
Fritz: Progress: 52300 Events
Fritz: Progress: 52400 Events
Fritz: Progress: 52500 Events
Fritz: Progress: 52600 Events
Fritz: Progress: 52700 Events
Fritz: Progress: 52800 Events
Fritz: Progress: 52900 Events
Fritz: Progress: 53000 Events
Fritz: Progress: 53100 Events
Fritz: Progress: 53200 Events
Fritz: Progress: 53300 Events
Fritz: Progress: 53400 Events
Fritz: Progress: 53500 Events
Fritz: Progress: 53600 Events
Fritz: Progress: 53700 Events
Fritz: Progress: 53800 Events
Fritz: Progress: 53900 Events
Fritz: Progress: 54000 Events
Fritz: Progress: 54100 Events
Fritz: Progress: 54200 Events
Fritz: Progress: 54300 Events
Fritz: Progress: 54400 Events
Fritz: Progress: 54500 Events
Fritz: Progress: 54600 Events
Fritz: Progress: 54700 Events
Fritz: Progress: 54800 Events
Fritz: Progress: 54900 Events
Fritz: Progress: 55000 Events
Fritz: Progress: 55100 Events
Fritz: Progress: 55200 Events
Fritz: Progress: 55300 Events
Fritz: Progress: 55400 Events
Fritz: Progress: 55500 Events
Fritz: Progress: 55600 Events
Fritz: Progress: 55700 Events
Fritz: Progress: 55800 Events
Fritz: Progress: 55900 Events
Fritz: Progress: 56000 Events
Fritz: Progress: 56100 Events
Fritz: Progress: 56200 Events
Fritz: Progress: 56300 Events
Fritz: Progress: 56400 Events
Fritz: Progress: 56500 Events
Fritz: Progress: 56600 Events
Fritz: Progress: 56700 Events
Fritz: Progress: 56800 Events
Fritz: Progress: 56900 Events
Fritz: Progress: 57000 Events
Fritz: Progress: 57100 Events
Fritz: Progress: 57200 Events
Fritz: Progress: 57300 Events
Fritz: Progress: 57400 Events
Fritz: Progress: 57500 Events
Fritz: Progress: 57600 Events
Fritz: Progress: 57700 Events
Fritz: Progress: 57800 Events
Fritz: Progress: 57900 Events
Fritz: Progress: 58000 Events
Fritz: Progress: 58100 Events
Fritz: Progress: 58200 Events
Fritz: Progress: 58300 Events
Fritz: Progress: 58400 Events
Fritz: Progress: 58500 Events
Fritz: Progress: 58600 Events
Fritz: Progress: 58700 Events
Fritz: Progress: 58800 Events
Fritz: Progress: 58900 Events
Fritz: Progress: 59000 Events
Fritz: Progress: 59100 Events
Fritz: Progress: 59200 Events
Fritz: Progress: 59300 Events
Fritz: Progress: 59400 Events
Fritz: Progress: 59500 Events
Fritz: Progress: 59600 Events
Fritz: Progress: 59700 Events
Fritz: Progress: 59800 Events
Fritz: Progress: 59900 Events
Fritz: Progress: 60000 Events
Fritz: Progress: 60100 Events
Fritz: Progress: 60200 Events
Fritz: Progress: 60300 Events
Fritz: Progress: 60400 Events
Fritz: Progress: 60500 Events
Fritz: Progress: 60600 Events
Fritz: Progress: 60700 Events
Fritz: Progress: 60800 Events
Fritz: Progress: 60900 Events
Fritz: Progress: 61000 Events
Fritz: Progress: 61100 Events
Fritz: Progress: 61200 Events
Fritz: Progress: 61300 Events
Fritz: Progress: 61400 Events
Fritz: Progress: 61500 Events
Fritz: Progress: 61600 Events
Fritz: Progress: 61700 Events
Fritz: Progress: 61800 Events
Fritz: Progress: 61900 Events
Fritz: Progress: 62000 Events
Fritz: Progress: 62100 Events
Fritz: Progress: 62200 Events
Fritz: Progress: 62300 Events
Fritz: Progress: 62400 Events
Fritz: Progress: 62500 Events
Fritz: Progress: 62600 Events
Fritz: Progress: 62700 Events
Fritz: Progress: 62800 Events
Fritz: Progress: 62900 Events
Fritz: Progress: 63000 Events
Fritz: Progress: 63100 Events
Fritz: Progress: 63200 Events
Fritz: Progress: 63300 Events
Fritz: Progress: 63400 Events
Fritz: Progress: 63500 Events
Fritz: Progress: 63600 Events
Fritz: Progress: 63700 Events
Fritz: Progress: 63800 Events
Fritz: Progress: 63900 Events
Fritz: Progress: 64000 Events
Fritz: Progress: 64100 Events
Fritz: Progress: 64200 Events
Fritz: Progress: 64300 Events
Fritz: Progress: 64400 Events
Fritz: Progress: 64500 Events
Fritz: Progress: 64600 Events
Fritz: Progress: 64700 Events
Fritz: Progress: 64800 Events
Fritz: Progress: 64900 Events
Fritz: Progress: 65000 Events
Fritz: Progress: 65100 Events
Fritz: Progress: 65200 Events
Fritz: Progress: 65300 Events
Fritz: Progress: 65400 Events
Fritz: Progress: 65500 Events
Fritz: Progress: 65600 Events
Fritz: Progress: 65700 Events
Fritz: Progress: 65800 Events
Fritz: Progress: 65900 Events
Fritz: Progress: 66000 Events
Fritz: Progress: 66100 Events
Fritz: Progress: 66200 Events
Fritz: Progress: 66300 Events
Fritz: Progress: 66400 Events
Fritz: Progress: 66500 Events
Fritz: Progress: 66600 Events
Fritz: Progress: 66700 Events
Fritz: Progress: 66800 Events
Fritz: Progress: 66900 Events
Fritz: Progress: 67000 Events
Fritz: Progress: 67100 Events
Fritz: Progress: 67200 Events
Fritz: Progress: 67300 Events
Fritz: Progress: 67400 Events
Fritz: Progress: 67500 Events
Fritz: Progress: 67600 Events
Fritz: Progress: 67700 Events
Fritz: Progress: 67800 Events
Fritz: Progress: 67900 Events
Fritz: Progress: 68000 Events
Fritz: Progress: 68100 Events
Fritz: Progress: 68200 Events
Fritz: Progress: 68300 Events
Fritz: Progress: 68400 Events
Fritz: Progress: 68500 Events
Fritz: Progress: 68600 Events
Fritz: Progress: 68700 Events
Fritz: Progress: 68800 Events
Fritz: Progress: 68900 Events
Fritz: Progress: 69000 Events
Fritz: Progress: 69100 Events
Fritz: Progress: 69200 Events
Fritz: Progress: 69300 Events
Fritz: Progress: 69400 Events
Fritz: Progress: 69500 Events
Fritz: Progress: 69600 Events
Fritz: Progress: 69700 Events
Fritz: Progress: 69800 Events
Fritz: Progress: 69900 Events
Fritz: Progress: 70000 Events
Fritz: Progress: 70100 Events
Fritz: Progress: 70200 Events
Fritz: Progress: 70300 Events
Fritz: Progress: 70400 Events
Fritz: Progress: 70500 Events
Fritz: Progress: 70600 Events
Fritz: Progress: 70700 Events
Fritz: Progress: 70800 Events
Fritz: Progress: 70900 Events
Fritz: Progress: 71000 Events
Fritz: Progress: 71100 Events
Fritz: Progress: 71200 Events
Fritz: Progress: 71300 Events
Fritz: Progress: 71400 Events
Fritz: Progress: 71500 Events
Fritz: Progress: 71600 Events
Fritz: Progress: 71700 Events
Fritz: Progress: 71800 Events
Fritz: Progress: 71900 Events
Fritz: Progress: 72000 Events
Fritz: Progress: 72100 Events
Fritz: Progress: 72200 Events
Fritz: Progress: 72300 Events
Fritz: Progress: 72400 Events
Fritz: Progress: 72500 Events
Fritz: Progress: 72600 Events
Fritz: Progress: 72700 Events
Fritz: Progress: 72800 Events
Fritz: Progress: 72900 Events
Fritz: Progress: 73000 Events
Fritz: Progress: 73100 Events
Fritz: Progress: 73200 Events
Fritz: Progress: 73300 Events
Fritz: Progress: 73400 Events
Fritz: Progress: 73500 Events
Fritz: Progress: 73600 Events
Fritz: Progress: 73700 Events
Fritz: Progress: 73800 Events
Fritz: Progress: 73900 Events
Fritz: Progress: 74000 Events
Fritz: Progress: 74100 Events
Fritz: Progress: 74200 Events
Fritz: Progress: 74300 Events
Fritz: Progress: 74400 Events
Fritz: Progress: 74500 Events
Fritz: Progress: 74600 Events
Fritz: Progress: 74700 Events
Fritz: Progress: 74800 Events
Fritz: Progress: 74900 Events
Fritz: Progress: 75000 Events
Fritz: Progress: 75100 Events
Fritz: Progress: 75200 Events
Fritz: Progress: 75300 Events
Fritz: Progress: 75400 Events
Fritz: Progress: 75500 Events
Fritz: Progress: 75600 Events
Fritz: Progress: 75700 Events
Fritz: Progress: 75800 Events
Fritz: Progress: 75900 Events
Fritz: Progress: 76000 Events
Fritz: Progress: 76100 Events
Fritz: Progress: 76200 Events
Fritz: Progress: 76300 Events
Fritz: Progress: 76400 Events
Fritz: Progress: 76500 Events
Fritz: Progress: 76600 Events
Fritz: Progress: 76700 Events
Fritz: Progress: 76800 Events
Fritz: Progress: 76900 Events
Fritz: Progress: 77000 Events
Fritz: Progress: 77100 Events
Fritz: Progress: 77200 Events
Fritz: Progress: 77300 Events
Fritz: Progress: 77400 Events
Fritz: Progress: 77500 Events
Fritz: Progress: 77600 Events
Fritz: Progress: 77700 Events
Fritz: Progress: 77800 Events
Fritz: Progress: 77900 Events
Fritz: Progress: 78000 Events
Fritz: Progress: 78100 Events
Fritz: Progress: 78200 Events
Fritz: Progress: 78300 Events
Fritz: Progress: 78400 Events
Fritz: Progress: 78500 Events
Fritz: Progress: 78600 Events
Fritz: Progress: 78700 Events
Fritz: Progress: 78800 Events
Fritz: Progress: 78900 Events
Fritz: Progress: 79000 Events
Fritz: Progress: 79100 Events
Fritz: Progress: 79200 Events
Fritz: Progress: 79300 Events
Fritz: Progress: 79400 Events
Fritz: Progress: 79500 Events
Fritz: Progress: 79600 Events
Fritz: Progress: 79700 Events
Fritz: Progress: 79800 Events
Fritz: Progress: 79900 Events
Fritz: Progress: 80000 Events
Fritz: Progress: 80100 Events
Fritz: Progress: 80200 Events
Fritz: Progress: 80300 Events
Fritz: Progress: 80400 Events
Fritz: Progress: 80500 Events
Fritz: Progress: 80600 Events
Fritz: Progress: 80700 Events
Fritz: Progress: 80800 Events
Fritz: Progress: 80900 Events
Fritz: Progress: 81000 Events
Fritz: Progress: 81100 Events
Fritz: Progress: 81200 Events
Fritz: Progress: 81300 Events
Fritz: Progress: 81400 Events
Fritz: Progress: 81500 Events
Fritz: Progress: 81600 Events
Fritz: Progress: 81700 Events
Fritz: Progress: 81800 Events
Fritz: Progress: 81900 Events
Fritz: Progress: 82000 Events
Fritz: Progress: 82100 Events
Fritz: Progress: 82200 Events
Fritz: Progress: 82300 Events
Fritz: Progress: 82400 Events
Fritz: Progress: 82500 Events
Fritz: Progress: 82600 Events
Fritz: Progress: 82700 Events
Fritz: Progress: 82800 Events
Fritz: Progress: 82900 Events
Fritz: Progress: 83000 Events
Fritz: Progress: 83100 Events
Fritz: Progress: 83200 Events
Fritz: Progress: 83300 Events
Fritz: Progress: 83400 Events
Fritz: Progress: 83500 Events
Fritz: Progress: 83600 Events
Fritz: Progress: 83700 Events
Fritz: Progress: 83800 Events
Fritz: Progress: 83900 Events
Fritz: Progress: 84000 Events
Fritz: Progress: 84100 Events
Fritz: Progress: 84200 Events
Fritz: Progress: 84300 Events
Fritz: Progress: 84400 Events
Fritz: Progress: 84500 Events
Fritz: Progress: 84600 Events
Fritz: Progress: 84700 Events
Fritz: Progress: 84800 Events
Fritz: Progress: 84900 Events
Fritz: Progress: 85000 Events
Fritz: Progress: 85100 Events
Fritz: Progress: 85200 Events
Fritz: Progress: 85300 Events
Fritz: Progress: 85400 Events
Fritz: Progress: 85500 Events
Fritz: Progress: 85600 Events
Fritz: Progress: 85700 Events
Fritz: Progress: 85800 Events
Fritz: Progress: 85900 Events
Fritz: Progress: 86000 Events
Fritz: Progress: 86100 Events
Fritz: Progress: 86200 Events
Fritz: Progress: 86300 Events
Fritz: Progress: 86400 Events
Fritz: Progress: 86500 Events
Fritz: Progress: 86600 Events
Fritz: Progress: 86700 Events
Fritz: Progress: 86800 Events
Fritz: Progress: 86900 Events
Fritz: Progress: 87000 Events
Fritz: Progress: 87100 Events
Fritz: Progress: 87200 Events
Fritz: Progress: 87300 Events
Fritz: Progress: 87400 Events
Fritz: Progress: 87500 Events
Fritz: Progress: 87600 Events
Fritz: Progress: 87700 Events
Fritz: Progress: 87800 Events
Fritz: Progress: 87900 Events
Fritz: Progress: 88000 Events
Fritz: Progress: 88100 Events
Fritz: Progress: 88200 Events
Fritz: Progress: 88300 Events
Fritz: Progress: 88400 Events
Fritz: Progress: 88500 Events
Fritz: Progress: 88600 Events
Fritz: Progress: 88700 Events
Fritz: Progress: 88800 Events
Fritz: Progress: 88900 Events
Fritz: Progress: 89000 Events
Fritz: Progress: 89100 Events
Fritz: Progress: 89200 Events
Fritz: Progress: 89300 Events
Fritz: Progress: 89400 Events
Fritz: Progress: 89500 Events
Fritz: Progress: 89600 Events
Fritz: Progress: 89700 Events
Fritz: Progress: 89800 Events
Fritz: Progress: 89900 Events
Fritz: Progress: 90000 Events
Fritz: Progress: 90100 Events
Fritz: Progress: 90200 Events
Fritz: Progress: 90300 Events
Fritz: Progress: 90400 Events
Fritz: Progress: 90500 Events
Fritz: Progress: 90600 Events
Fritz: Progress: 90700 Events
Fritz: Progress: 90800 Events
Fritz: Progress: 90900 Events
Fritz: Progress: 91000 Events
Fritz: Progress: 91100 Events
Fritz: Progress: 91200 Events
Fritz: Progress: 91300 Events
Fritz: Progress: 91400 Events
Fritz: Progress: 91500 Events
Fritz: Progress: 91600 Events
Fritz: Progress: 91700 Events
Fritz: Progress: 91800 Events
Fritz: Progress: 91900 Events
Fritz: Progress: 92000 Events
Fritz: Progress: 92100 Events
Fritz: Progress: 92200 Events
Fritz: Progress: 92300 Events
Fritz: Progress: 92400 Events
Fritz: Progress: 92500 Events
Fritz: Progress: 92600 Events
Fritz: Progress: 92700 Events
Fritz: Progress: 92800 Events
Fritz: Progress: 92900 Events
Fritz: Progress: 93000 Events
Fritz: Progress: 93100 Events
Fritz: Progress: 93200 Events
Fritz: Progress: 93300 Events
Fritz: Progress: 93400 Events
Fritz: Progress: 93500 Events
Fritz: Progress: 93600 Events
Fritz: Progress: 93700 Events
Fritz: Progress: 93800 Events
Fritz: Progress: 93900 Events
Fritz: Progress: 94000 Events
Fritz: Progress: 94100 Events
Fritz: Progress: 94200 Events
Fritz: Progress: 94300 Events
Fritz: Progress: 94400 Events
Fritz: Progress: 94500 Events
Fritz: Progress: 94600 Events
Fritz: Progress: 94700 Events
Fritz: Progress: 94800 Events
Fritz: Progress: 94900 Events
Fritz: Progress: 95000 Events
Fritz: Progress: 95100 Events
Fritz: Progress: 95200 Events
Fritz: Progress: 95300 Events
Fritz: Progress: 95400 Events
Fritz: Progress: 95500 Events
Fritz: Progress: 95600 Events
Fritz: Progress: 95700 Events
Fritz: Progress: 95800 Events
Fritz: Progress: 95900 Events
Fritz: Progress: 96000 Events
Fritz: Progress: 96100 Events
Fritz: Progress: 96200 Events
Fritz: Progress: 96300 Events
Fritz: Progress: 96400 Events
Fritz: Progress: 96500 Events
Fritz: Progress: 96600 Events
Fritz: Progress: 96700 Events
Fritz: Progress: 96800 Events
Fritz: Progress: 96900 Events
Fritz: Progress: 97000 Events
Fritz: Progress: 97100 Events
Fritz: Progress: 97200 Events
Fritz: Progress: 97300 Events
Fritz: Progress: 97400 Events
Fritz: Progress: 97500 Events
Fritz: Progress: 97600 Events
Fritz: Progress: 97700 Events
Fritz: Progress: 97800 Events
Fritz: Progress: 97900 Events
Fritz: Progress: 98000 Events
Fritz: Progress: 98100 Events
Fritz: Progress: 98200 Events
Fritz: Progress: 98300 Events
Fritz: Progress: 98400 Events
Fritz: Progress: 98500 Events
Fritz: Progress: 98600 Events
Fritz: Progress: 98700 Events
Fritz: Progress: 98800 Events
Fritz: Progress: 98900 Events
Fritz: Progress: 99000 Events
Fritz: Progress: 99100 Events
Fritz: Progress: 99200 Events
Fritz: Progress: 99300 Events
Fritz: Progress: 99400 Events
Fritz: Progress: 99500 Events
Fritz: Progress: 99600 Events
Fritz: Progress: 99700 Events
Fritz:  >> Finalising after 99780 events. <<
AnalysisHandler 'cms13tev': Asking DelphesHandler 'cms13tev' for cross section information
DelphesHandler 'cms13tev': Asking EventFile 'myprocess' for cross section information
EventFile 'myprocess':  Returning cross section of 62864 fb
EventFile 'myprocess':  Returning cross section error of 0 fb
AnalysisHandler 'cms13tev': Analyses updated with sigma = 62864 fb and dSigma = 0 fb
AnalysisHandler 'cms13tev': Analyses successfully finished!
DelphesHandler 'cms13tev': Delphes successfully finished!
Fritz:  >> Done <<
